This is pdfTeX, Version 3.141592653-2.6-1.40.25 (TeX Live 2023/Debian) (preloaded format=pdflatex 2026.1.10)  10 JAN 2026 04:24
entering extended mode
 restricted \write18 enabled.
 %&-line parsing enabled.
**"main GLP 2025.tex"
(./main GLP 2025.tex
LaTeX2e <2023-11-01> patch level 1
L3 programming layer <2024-01-22>
(./new_tlp.cls

LaTeX Warning: You have requested document class `new_tlp',
               but the document class provides `tlp'.

Document Class: tlp 2003/07/15 v2.12 Theory and Practice of Logic Programming 
document class
\c@part=\count187
\c@section=\count188
\c@subsection=\count189
\c@subsubsection=\count190
\c@paragraph=\count191
\c@subparagraph=\count192
\@leftskip=\skip48
\proofsavebox=\box51
\c@table=\count193
\@tempboxb=\box52
\c@figure=\count194
\c@dummy=\count195
\c@mv@program=\count196
LaTeX Font Info:    Encoding `OML' has changed to `OT1' for symbol font
(Font)              `letters' in the math version `program' on input line 1251.

LaTeX Font Info:    Overwriting symbol font `letters' in version `program'
(Font)                  OML/cmm/m/it --> OT1/cmr/m/sl on input line 1251.
LaTeX Font Info:    Overwriting math alphabet `\mathnormal' in version `program
'
(Font)                  OT1/cmr/m/sl --> OT1/cmr/m/sl on input line 1253.
) (/usr/share/texlive/texmf-dist/tex/latex/graphics/graphicx.sty
Package: graphicx 2021/09/16 v1.2d Enhanced LaTeX Graphics (DPC,SPQR)

(/usr/share/texlive/texmf-dist/tex/latex/graphics/keyval.sty
Package: keyval 2022/05/29 v1.15 key=value parser (DPC)
\KV@toks@=\toks17
)
(/usr/share/texlive/texmf-dist/tex/latex/graphics/graphics.sty
Package: graphics 2022/03/10 v1.4e Standard LaTeX Graphics (DPC,SPQR)

(/usr/share/texlive/texmf-dist/tex/latex/graphics/trig.sty
Package: trig 2021/08/11 v1.11 sin cos tan (DPC)
)
(/usr/share/texlive/texmf-dist/tex/latex/graphics-cfg/graphics.cfg
File: graphics.cfg 2016/06/04 v1.11 sample graphics configuration
)
Package graphics Info: Driver file: pdftex.def on input line 107.

(/usr/share/texlive/texmf-dist/tex/latex/graphics-def/pdftex.def
File: pdftex.def 2022/09/22 v1.2b Graphics/color driver for pdftex
))
\Gin@req@height=\dimen140
\Gin@req@width=\dimen141
)
(/usr/share/texlive/texmf-dist/tex/latex/amsmath/amsmath.sty
Package: amsmath 2023/05/13 v2.17o AMS math features
\@mathmargin=\skip49

For additional information on amsmath, use the `?' option.
(/usr/share/texlive/texmf-dist/tex/latex/amsmath/amstext.sty
Package: amstext 2021/08/26 v2.01 AMS text

(/usr/share/texlive/texmf-dist/tex/latex/amsmath/amsgen.sty
File: amsgen.sty 1999/11/30 v2.0 generic functions
\@emptytoks=\toks18
\ex@=\dimen142
))
(/usr/share/texlive/texmf-dist/tex/latex/amsmath/amsbsy.sty
Package: amsbsy 1999/11/29 v1.2d Bold Symbols
\pmbraise@=\dimen143
)
(/usr/share/texlive/texmf-dist/tex/latex/amsmath/amsopn.sty
Package: amsopn 2022/04/08 v2.04 operator names
)
\inf@bad=\count197
LaTeX Info: Redefining \frac on input line 234.
\uproot@=\count198
\leftroot@=\count199
LaTeX Info: Redefining \overline on input line 399.
LaTeX Info: Redefining \colon on input line 410.
\classnum@=\count266
\DOTSCASE@=\count267
LaTeX Info: Redefining \ldots on input line 496.
LaTeX Info: Redefining \dots on input line 499.
LaTeX Info: Redefining \cdots on input line 620.
\Mathstrutbox@=\box53
\strutbox@=\box54
LaTeX Info: Redefining \big on input line 722.
LaTeX Info: Redefining \Big on input line 723.
LaTeX Info: Redefining \bigg on input line 724.
LaTeX Info: Redefining \Bigg on input line 725.
\big@size=\dimen144
LaTeX Font Info:    Redeclaring font encoding OML on input line 743.
LaTeX Font Info:    Redeclaring font encoding OMS on input line 744.
\macc@depth=\count268
LaTeX Info: Redefining \bmod on input line 905.
LaTeX Info: Redefining \pmod on input line 910.
LaTeX Info: Redefining \smash on input line 940.
LaTeX Info: Redefining \relbar on input line 970.
LaTeX Info: Redefining \Relbar on input line 971.
\c@MaxMatrixCols=\count269
\dotsspace@=\muskip16
\c@parentequation=\count270
\dspbrk@lvl=\count271
\tag@help=\toks19
\row@=\count272
\column@=\count273
\maxfields@=\count274
\andhelp@=\toks20
\eqnshift@=\dimen145
\alignsep@=\dimen146
\tagshift@=\dimen147
\tagwidth@=\dimen148
\totwidth@=\dimen149
\lineht@=\dimen150
\@envbody=\toks21
\multlinegap=\skip50
\multlinetaggap=\skip51
\mathdisplay@stack=\toks22
LaTeX Info: Redefining \[ on input line 2953.
LaTeX Info: Redefining \] on input line 2954.
)
(/usr/share/texlive/texmf-dist/tex/latex/amsfonts/amssymb.sty
Package: amssymb 2013/01/14 v3.01 AMS font symbols

(/usr/share/texlive/texmf-dist/tex/latex/amsfonts/amsfonts.sty
Package: amsfonts 2013/01/14 v3.01 Basic AMSFonts support
\symAMSa=\mathgroup4
\symAMSb=\mathgroup5
LaTeX Font Info:    Redeclaring math symbol \hbar on input line 98.
LaTeX Font Info:    Overwriting math alphabet `\mathfrak' in version `bold'
(Font)                  U/euf/m/n --> U/euf/b/n on input line 106.
))
(/usr/share/texlive/texmf-dist/tex/latex/tools/xspace.sty
Package: xspace 2014/10/28 v1.13 Space after command names (DPC,MH)
)
(/usr/share/texlive/texmf-dist/tex/latex/hyperref/hyperref.sty
Package: hyperref 2024-01-20 v7.01h Hypertext links for LaTeX

(/usr/share/texlive/texmf-dist/tex/generic/iftex/iftex.sty
Package: iftex 2022/02/03 v1.0f TeX engine tests
)
(/usr/share/texlive/texmf-dist/tex/latex/kvsetkeys/kvsetkeys.sty
Package: kvsetkeys 2022-10-05 v1.19 Key value parser (HO)
)
(/usr/share/texlive/texmf-dist/tex/generic/kvdefinekeys/kvdefinekeys.sty
Package: kvdefinekeys 2019-12-19 v1.6 Define keys (HO)
)
(/usr/share/texlive/texmf-dist/tex/generic/pdfescape/pdfescape.sty
Package: pdfescape 2019/12/09 v1.15 Implements pdfTeX's escape features (HO)

(/usr/share/texlive/texmf-dist/tex/generic/ltxcmds/ltxcmds.sty
Package: ltxcmds 2023-12-04 v1.26 LaTeX kernel commands for general use (HO)
)
(/usr/share/texlive/texmf-dist/tex/generic/pdftexcmds/pdftexcmds.sty
Package: pdftexcmds 2020-06-27 v0.33 Utility functions of pdfTeX for LuaTeX (HO
)

(/usr/share/texlive/texmf-dist/tex/generic/infwarerr/infwarerr.sty
Package: infwarerr 2019/12/03 v1.5 Providing info/warning/error messages (HO)
)
Package pdftexcmds Info: \pdf@primitive is available.
Package pdftexcmds Info: \pdf@ifprimitive is available.
Package pdftexcmds Info: \pdfdraftmode found.
))
(/usr/share/texlive/texmf-dist/tex/latex/hycolor/hycolor.sty
Package: hycolor 2020-01-27 v1.10 Color options for hyperref/bookmark (HO)
)
(/usr/share/texlive/texmf-dist/tex/latex/auxhook/auxhook.sty
Package: auxhook 2019-12-17 v1.6 Hooks for auxiliary files (HO)
)
(/usr/share/texlive/texmf-dist/tex/latex/hyperref/nameref.sty
Package: nameref 2023-11-26 v2.56 Cross-referencing by name of section

(/usr/share/texlive/texmf-dist/tex/latex/refcount/refcount.sty
Package: refcount 2019/12/15 v3.6 Data extraction from label references (HO)
)
(/usr/share/texlive/texmf-dist/tex/generic/gettitlestring/gettitlestring.sty
Package: gettitlestring 2019/12/15 v1.6 Cleanup title references (HO)

(/usr/share/texlive/texmf-dist/tex/latex/kvoptions/kvoptions.sty
Package: kvoptions 2022-06-15 v3.15 Key value format for package options (HO)
))
\c@section@level=\count275
)
(/usr/share/texlive/texmf-dist/tex/latex/etoolbox/etoolbox.sty
Package: etoolbox 2020/10/05 v2.5k e-TeX tools for LaTeX (JAW)
\etb@tempcnta=\count276
)
\@linkdim=\dimen151
\Hy@linkcounter=\count277
\Hy@pagecounter=\count278

(/usr/share/texlive/texmf-dist/tex/latex/hyperref/pd1enc.def
File: pd1enc.def 2024-01-20 v7.01h Hyperref: PDFDocEncoding definition (HO)
Now handling font encoding PD1 ...
... no UTF-8 mapping file for font encoding PD1
)
(/usr/share/texlive/texmf-dist/tex/generic/intcalc/intcalc.sty
Package: intcalc 2019/12/15 v1.3 Expandable calculations with integers (HO)
)
\Hy@SavedSpaceFactor=\count279

(/usr/share/texlive/texmf-dist/tex/latex/hyperref/puenc.def
File: puenc.def 2024-01-20 v7.01h Hyperref: PDF Unicode definition (HO)
Now handling font encoding PU ...
... no UTF-8 mapping file for font encoding PU
)
Package hyperref Info: Hyper figures OFF on input line 4179.
Package hyperref Info: Link nesting OFF on input line 4184.
Package hyperref Info: Hyper index ON on input line 4187.
Package hyperref Info: Plain pages OFF on input line 4194.
Package hyperref Info: Backreferencing OFF on input line 4199.
Package hyperref Info: Implicit mode ON; LaTeX internals redefined.
Package hyperref Info: Bookmarks ON on input line 4446.
\c@Hy@tempcnt=\count280

(/usr/share/texlive/texmf-dist/tex/latex/url/url.sty
\Urlmuskip=\muskip17
Package: url 2013/09/16  ver 3.4  Verb mode for urls, etc.
)
LaTeX Info: Redefining \url on input line 4784.
\XeTeXLinkMargin=\dimen152

(/usr/share/texlive/texmf-dist/tex/generic/bitset/bitset.sty
Package: bitset 2019/12/09 v1.3 Handle bit-vector datatype (HO)

(/usr/share/texlive/texmf-dist/tex/generic/bigintcalc/bigintcalc.sty
Package: bigintcalc 2019/12/15 v1.5 Expandable calculations on big integers (HO
)
))
\Fld@menulength=\count281
\Field@Width=\dimen153
\Fld@charsize=\dimen154
Package hyperref Info: Hyper figures OFF on input line 6063.
Package hyperref Info: Link nesting OFF on input line 6068.
Package hyperref Info: Hyper index ON on input line 6071.
Package hyperref Info: backreferencing OFF on input line 6078.
Package hyperref Info: Link coloring OFF on input line 6083.
Package hyperref Info: Link coloring with OCG OFF on input line 6088.
Package hyperref Info: PDF/A mode OFF on input line 6093.

(/usr/share/texlive/texmf-dist/tex/latex/base/atbegshi-ltx.sty
Package: atbegshi-ltx 2021/01/10 v1.0c Emulation of the original atbegshi
package with kernel methods
)
\Hy@abspage=\count282
\c@Item=\count283
\c@Hfootnote=\count284
)
Package hyperref Info: Driver (autodetected): hpdftex.

(/usr/share/texlive/texmf-dist/tex/latex/hyperref/hpdftex.def
File: hpdftex.def 2024-01-20 v7.01h Hyperref driver for pdfTeX

(/usr/share/texlive/texmf-dist/tex/latex/base/atveryend-ltx.sty
Package: atveryend-ltx 2020/08/19 v1.0a Emulation of the original atveryend pac
kage
with kernel methods
)
\Fld@listcount=\count285
\c@bookmark@seq@number=\count286

(/usr/share/texlive/texmf-dist/tex/latex/rerunfilecheck/rerunfilecheck.sty
Package: rerunfilecheck 2022-07-10 v1.10 Rerun checks for auxiliary files (HO)

(/usr/share/texlive/texmf-dist/tex/generic/uniquecounter/uniquecounter.sty
Package: uniquecounter 2019/12/15 v1.4 Provide unlimited unique counter (HO)
)
Package uniquecounter Info: New unique counter `rerunfilecheck' on input line 2
85.
)
\Hy@SectionHShift=\skip52
)
(/usr/share/texlive/texmf-dist/tex/latex/cleveref/cleveref.sty
Package: cleveref 2018/03/27 v0.21.4 Intelligent cross-referencing
Package cleveref Info: `hyperref' support loaded on input line 2370.
LaTeX Info: Redefining \cref on input line 2370.
LaTeX Info: Redefining \Cref on input line 2370.
LaTeX Info: Redefining \crefrange on input line 2370.
LaTeX Info: Redefining \Crefrange on input line 2370.
LaTeX Info: Redefining \cpageref on input line 2370.
LaTeX Info: Redefining \Cpageref on input line 2370.
LaTeX Info: Redefining \cpagerefrange on input line 2370.
LaTeX Info: Redefining \Cpagerefrange on input line 2370.
LaTeX Info: Redefining \labelcref on input line 2370.
LaTeX Info: Redefining \labelcpageref on input line 2370.
)
(/usr/share/texlive/texmf-dist/tex/latex/xcolor/xcolor.sty
Package: xcolor 2023/11/15 v3.01 LaTeX color extensions (UK)

(/usr/share/texlive/texmf-dist/tex/latex/graphics-cfg/color.cfg
File: color.cfg 2016/01/02 v1.6 sample color configuration
)
Package xcolor Info: Driver file: pdftex.def on input line 274.

(/usr/share/texlive/texmf-dist/tex/latex/graphics/mathcolor.ltx)
Package xcolor Info: Model `cmy' substituted by `cmy0' on input line 1350.
Package xcolor Info: Model `hsb' substituted by `rgb' on input line 1354.
Package xcolor Info: Model `RGB' extended on input line 1366.
Package xcolor Info: Model `HTML' substituted by `rgb' on input line 1368.
Package xcolor Info: Model `Hsb' substituted by `hsb' on input line 1369.
Package xcolor Info: Model `tHsb' substituted by `hsb' on input line 1370.
Package xcolor Info: Model `HSB' substituted by `hsb' on input line 1371.
Package xcolor Info: Model `Gray' substituted by `gray' on input line 1372.
Package xcolor Info: Model `wave' substituted by `hsb' on input line 1373.
)
(/usr/share/texlive/texmf-dist/tex/latex/enumitem/enumitem.sty
Package: enumitem 2019/06/20 v3.9 Customized lists
\labelindent=\skip53
\enit@outerparindent=\dimen155
\enit@toks=\toks23
\enit@inbox=\box55
\enit@count@id=\count287
\enitdp@description=\count288
)
(/usr/share/texlive/texmf-dist/tex/latex/algorithms/algorithm.sty
Package: algorithm 2009/08/24 v0.1 Document Style `algorithm' - floating enviro
nment

(/usr/share/texlive/texmf-dist/tex/latex/float/float.sty
Package: float 2001/11/08 v1.3d Float enhancements (AL)
\c@float@type=\count289
\float@exts=\toks24
\float@box=\box56
\@float@everytoks=\toks25
\@floatcapt=\box57
)
(/usr/share/texlive/texmf-dist/tex/latex/base/ifthen.sty
Package: ifthen 2022/04/13 v1.1d Standard LaTeX ifthen package (DPC)
)
\@float@every@algorithm=\toks26
\c@algorithm=\count290
)
(/usr/share/texlive/texmf-dist/tex/latex/algorithmicx/algpseudocode.sty
Package: algpseudocode 

(/usr/share/texlive/texmf-dist/tex/latex/algorithmicx/algorithmicx.sty
Package: algorithmicx 2005/04/27 v1.2 Algorithmicx

Document Style algorithmicx 1.2 - a greatly improved `algorithmic' style
\c@ALG@line=\count291
\c@ALG@rem=\count292
\c@ALG@nested=\count293
\ALG@tlm=\skip54
\ALG@thistlm=\skip55
\c@ALG@Lnr=\count294
\c@ALG@blocknr=\count295
\c@ALG@storecount=\count296
\c@ALG@tmpcounter=\count297
\ALG@tmplength=\skip56
)
Document Style - pseudocode environments for use with the `algorithmicx' style
) (/usr/share/texlive/texmf-dist/tex/latex/multirow/multirow.sty
Package: multirow 2021/03/15 v2.8 Span multiple rows of a table
\multirow@colwidth=\skip57
\multirow@cntb=\count298
\multirow@dima=\skip58
\bigstrutjot=\dimen156
)
(/usr/share/texlive/texmf-dist/tex/latex/mathtools/mathtools.sty
Package: mathtools 2022/06/29 v1.29 mathematical typesetting tools

(/usr/share/texlive/texmf-dist/tex/latex/tools/calc.sty
Package: calc 2023/07/08 v4.3 Infix arithmetic (KKT,FJ)
\calc@Acount=\count299
\calc@Bcount=\count300
\calc@Adimen=\dimen157
\calc@Bdimen=\dimen158
\calc@Askip=\skip59
\calc@Bskip=\skip60
LaTeX Info: Redefining \setlength on input line 80.
LaTeX Info: Redefining \addtolength on input line 81.
\calc@Ccount=\count301
\calc@Cskip=\skip61
)
(/usr/share/texlive/texmf-dist/tex/latex/mathtools/mhsetup.sty
Package: mhsetup 2021/03/18 v1.4 programming setup (MH)
)
\g_MT_multlinerow_int=\count302
\l_MT_multwidth_dim=\dimen159
\origjot=\skip62
\l_MT_shortvdotswithinadjustabove_dim=\dimen160
\l_MT_shortvdotswithinadjustbelow_dim=\dimen161
\l_MT_above_intertext_sep=\dimen162
\l_MT_below_intertext_sep=\dimen163
\l_MT_above_shortintertext_sep=\dimen164
\l_MT_below_shortintertext_sep=\dimen165
\xmathstrut@box=\box58
\xmathstrut@dim=\dimen166
)
(/usr/share/texlive/texmf-dist/tex/latex/relsize/relsize.sty
Package: relsize 2013/03/29 ver 4.1
)
(/usr/share/texlive/texmf-dist/tex/latex/tools/bm.sty
Package: bm 2023/07/08 v1.2f Bold Symbol Support (DPC/FMi)
\symboldoperators=\mathgroup6
\symboldletters=\mathgroup7
\symboldsymbols=\mathgroup8
Package bm Info: No bold for \OMX/cmex/m/n, using \pmb.
Package bm Info: No bold for \U/msa/m/n, using \pmb.
Package bm Info: No bold for \U/msb/m/n, using \pmb.
LaTeX Font Info:    Redeclaring math alphabet \mathbf on input line 149.
)
(/usr/share/texlive/texmf-dist/tex/latex/verbatimbox/verbatimbox.sty
Package: verbatimbox 2023/08/08 v3.2\ Routines for placing verbatim text into b
oxes, useful in places where the verbatim environment is inaccessible. Secondar
ily, for adding vertical buffer around an object.

(/usr/share/texlive/texmf-dist/tex/latex/tools/verbatim.sty
Package: verbatim 2023-11-06 v1.5v LaTeX2e package for verbatim enhancements
\every@verbatim=\toks27
\verbatim@line=\toks28
\verbatim@in@stream=\read2
)
(/usr/share/texlive/texmf-dist/tex/latex/readarray/readarray.sty
Package: readarray 2021/09/17\ 3.1\ Routines for inputting 2D and 3D array data
 and recalling it on an element-by-element basis.

(/usr/share/texlive/texmf-dist/tex/latex/forloop/forloop.sty
Package: forloop 2023/05/03 v3.0 For Loops for LaTeX
)
(/usr/share/texlive/texmf-dist/tex/generic/listofitems/listofitems.sty
(/usr/share/texlive/texmf-dist/tex/generic/listofitems/listofitems.tex
\loi_cnt_foreach_nest=\count303
\loi_nestcnt=\count304
)
Package: listofitems 2019/08/21 v1.63 Grab items in lists using user-specified 
sep char (CT)
)
\c@@index=\count305
\c@@plane=\count306
\c@@row=\count307
\c@@col=\count308
\c@use@args=\count309
\c@@record=\count310
\c@index@count=\count311
\Arg@toks=\toks29
\@arrayident@toks=\toks30
\rdar@file=\read3
\readarrayendlinechar=\count312

readarray: bounds checking OFF
)
\savedverbbox=\box59
\c@VerbboxLineNo=\count313
\boxtopsep=\dimen167
\boxbottomsep=\dimen168
\ps@tempdima=\dimen169
\ps@tempboxa=\box60
\boxtop@sep=\skip63
\boxbottom@sep=\skip64
) (/usr/share/texlive/texmf-dist/tex/latex/wrapfig/wrapfig.sty
\wrapoverhang=\dimen170
\WF@size=\dimen171
\c@WF@wrappedlines=\count314
\WF@box=\box61
\WF@everypar=\toks31
Package: wrapfig 2003/01/31  v 3.6
)
(/usr/share/texlive/texmf-dist/tex/latex/amscls/amsthm.sty
Package: amsthm 2020/05/29 v2.20.6
\thm@style=\toks32
\thm@bodyfont=\toks33
\thm@headfont=\toks34
\thm@notefont=\toks35
\thm@headpunct=\toks36
\thm@preskip=\skip65
\thm@postskip=\skip66
\thm@headsep=\skip67
\dth@everypar=\toks37


! LaTeX Error: Command \proof already defined.
               Or name \end... illegal, see p.192 of the manual.

See the LaTeX manual or LaTeX Companion for explanation.
Type  H <return>  for immediate help.
 ...                                              
                                                  
l.440 }
       
Your command was ignored.
Type  I <command> <return>  to replace it with another command,
or  <return>  to continue without it.

)
\c@definition=\count315
 (/usr/share/texlive/texmf-dist/tex/latex/thmtools/thmtools.sty
Package: thmtools 2023/05/04 v0.76
\thmt@toks=\toks38
\c@thmt@dummyctr=\count316

(/usr/share/texlive/texmf-dist/tex/latex/thmtools/thm-patch.sty
Package: thm-patch 2023/05/04 v0.76

(/usr/share/texlive/texmf-dist/tex/latex/thmtools/parseargs.sty
Package: parseargs 2023/05/04 v0.76
\@parsespec=\toks39
))
(/usr/share/texlive/texmf-dist/tex/latex/thmtools/thm-kv.sty
Package: thm-kv 2023/05/04 v0.76
Package thm-kv Info: Theorem names will be uppercased on input line 42.
Package thm-kv Info: kvsetkeys patch (v1.16 or later) on input line 158.
)
(/usr/share/texlive/texmf-dist/tex/latex/thmtools/thm-autoref.sty
Package: thm-autoref 2023/05/04 v0.76

(/usr/share/texlive/texmf-dist/tex/latex/thmtools/aliasctr.sty
Package: aliasctr 2023/05/04 v0.76
))
(/usr/share/texlive/texmf-dist/tex/latex/thmtools/thm-listof.sty
Package: thm-listof 2023/05/04 v0.76
)
(/usr/share/texlive/texmf-dist/tex/latex/thmtools/thm-restate.sty
Package: thm-restate 2023/05/04 v0.76
)
(/usr/share/texlive/texmf-dist/tex/latex/thmtools/thm-amsthm.sty
Package: thm-amsthm 2023/05/04 v0.76
\thmt@style@headstyle=\toks40
))
\c@pc=\count317
\c@observation=\count318

(/usr/share/texlive/texmf-dist/tex/latex/l3backend/l3backend-pdftex.def
File: l3backend-pdftex.def 2024-01-04 L3 backend support: PDF output (pdfTeX)
\l__color_backend_stack_int=\count319
\l__pdf_internal_box=\box62
)
(./main GLP 2025.aux

LaTeX Warning: Label `program:meta-control' multiply defined.


LaTeX Warning: Label `program:meta-control@cref' multiply defined.

)
\openout1 = `"main GLP 2025.aux"'.

LaTeX Font Info:    Checking defaults for OML/cmm/m/it on input line 94.
LaTeX Font Info:    ... okay on input line 94.
LaTeX Font Info:    Checking defaults for OMS/cmsy/m/n on input line 94.
LaTeX Font Info:    ... okay on input line 94.
LaTeX Font Info:    Checking defaults for OT1/cmr/m/n on input line 94.
LaTeX Font Info:    ... okay on input line 94.
LaTeX Font Info:    Checking defaults for T1/cmr/m/n on input line 94.
LaTeX Font Info:    ... okay on input line 94.
LaTeX Font Info:    Checking defaults for TS1/cmr/m/n on input line 94.
LaTeX Font Info:    ... okay on input line 94.
LaTeX Font Info:    Checking defaults for OMX/cmex/m/n on input line 94.
LaTeX Font Info:    ... okay on input line 94.
LaTeX Font Info:    Checking defaults for U/cmr/m/n on input line 94.
LaTeX Font Info:    ... okay on input line 94.
LaTeX Font Info:    Checking defaults for PD1/pdf/m/n on input line 94.
LaTeX Font Info:    ... okay on input line 94.
LaTeX Font Info:    Checking defaults for PU/pdf/m/n on input line 94.
LaTeX Font Info:    ... okay on input line 94.
 (/usr/share/texlive/texmf-dist/tex/context/base/mkii/supp-pdf.mkii
[Loading MPS to PDF converter (version 2006.09.02).]
\scratchcounter=\count320
\scratchdimen=\dimen172
\scratchbox=\box63
\nofMPsegments=\count321
\nofMParguments=\count322
\everyMPshowfont=\toks41
\MPscratchCnt=\count323
\MPscratchDim=\dimen173
\MPnumerator=\count324
\makeMPintoPDFobject=\count325
\everyMPtoPDFconversion=\toks42
) (/usr/share/texlive/texmf-dist/tex/latex/epstopdf-pkg/epstopdf-base.sty
Package: epstopdf-base 2020-01-24 v2.11 Base part for package epstopdf
Package epstopdf-base Info: Redefining graphics rule for `.eps' on input line 4
85.

(/usr/share/texlive/texmf-dist/tex/latex/latexconfig/epstopdf-sys.cfg
File: epstopdf-sys.cfg 2010/07/13 v1.3 Configuration of (r)epstopdf for TeX Liv
e
))

Package hyperref Warning: Height of page (\paperheight) is invalid (0.0pt),
(hyperref)                using 11in.

Package hyperref Info: Link coloring OFF on input line 94.
(./main GLP 2025.out) (./main GLP 2025.out)
\@outlinefile=\write3
\openout3 = `"main GLP 2025.out"'.


! Undefined control sequence.
l.99 \affiliation
                 {London School of Economics and Weizmann Institute of Science}
The control sequence at the end of the top line
of your error message was never \def'ed. If you have
misspelled it (e.g., `\hobx'), type `I' and the correct
spelling (e.g., `I\hbox'). Otherwise just continue,
and I'll forget about whatever was undefined.


Overfull \hbox (83.37549pt too wide) in paragraph at lines 99--101
[]\OT1/cmr/m/n/10 London School of Eco-nomics and Weiz-mann In-sti-tute of Sci-
ence (\OT1/cmr/m/it/10 e-mail: \OT1/cmtt/m/n/10 ehud.shapiro@weizmann.ac.il\OT1
/cmr/m/n/10 ) 
 []


Overfull \hbox (12.23895pt too wide) in paragraph at lines 109--111
\OT1/cmr/m/n/9 ti-a-gent GLP, aug-ment-ing it with cryp-to-graphic se-cu-rity, 
and pro-vid-ing smart-phone implementation-
 []

[1{/var/lib/texmf/fonts/map/pdftex/updmap/pdftex.map}]
LaTeX Font Info:    Trying to load font information for U+msa on input line 114
.

(/usr/share/texlive/texmf-dist/tex/latex/amsfonts/umsa.fd
File: umsa.fd 2013/01/14 v3.01 AMS symbols A
)
LaTeX Font Info:    Trying to load font information for U+msb on input line 114
.

(/usr/share/texlive/texmf-dist/tex/latex/amsfonts/umsb.fd
File: umsb.fd 2013/01/14 v3.01 AMS symbols B
)
(./glp_section_introduction.tex

LaTeX Warning: Citation `zuboff2019age' on page 2 undefined on input line 4.


LaTeX Warning: Citation `vitalikplutocracy' on page 2 undefined on input line 4
.


LaTeX Warning: Citation `raman2019challenges' on page 2 undefined on input line
 12.


Overfull \hbox (3.21268pt too wide) in paragraph at lines 11--13
\OT1/cmr/bx/n/9 Why ex-ist-ing al-ter-na-tives fail. \OT1/cmr/m/n/9 Fed-er-ated
 sys-tems like Mastodon (\OT1/cmr/bx/n/9 ?\OT1/cmr/m/n/9 ) re-main server-depen
dent:
 []


Underfull \hbox (badness 10000) has occurred while \output is active

 []

[2] [3]) (./glp_section_logic_programs.tex [4]
Overfull \hbox (22.5113pt too wide) in paragraph at lines 82--83
[]\OT1/cmr/m/n/9 Logic Pro-grams have two forms of non-de-ter-min-ism: the choi
ce of $\OML/cmm/m/it/9 A \OMS/cmsy/m/n/9 2 \OML/cmm/m/it/9 G$\OT1/cmr/m/n/9 , c
alled \OT1/cmr/m/it/9 and-nondeterminism\OT1/cmr/m/n/9 ,
 []

[5]
! Missing } inserted.
<inserted text> 
                }
l.92 \end{restatable}
                     
I've inserted something that you may have forgotten.
(See the <inserted text> above.)
With luck, this will get me unwedged. But if you
really didn't forget anything, try typing `2' now; then
my insertion and my current dilemma will both disappear.

! Extra }, or forgotten \endgroup.
\verb@egroup ...erb@balance@group \@empty \egroup 
                                                  
l.92 \end{restatable}
                     
I've deleted a group-closing symbol because it seems to be
spurious, as in `$x}$'. But perhaps the } is legitimate and
you forgot something else, as in `\hbox{$x}'. In such cases
the way to recover is to insert both the forgotten and the
deleted material, e.g., by typing `I$}'.


! LaTeX Error: \verb illegal in argument.

See the LaTeX manual or LaTeX Companion for explanation.
Type  H <return>  for immediate help.
 ...                                              
                                                  
l.92 \end{restatable}
                     
Try typing  <return>  to proceed.
If that doesn't work, type  X <return>  to quit.

) (./glp_section_glp.tex [6]
! Missing { inserted.
<to be read again> 
                   $
l.54 ... is no need to read the channel any more.}
                                                  
A left brace was mandatory here, so I've put one in.
You might want to delete and/or insert some corrections
so that I will find a matching right brace soon.
(If you're confused by all this, try typing `I}' now.)

! Missing } inserted.
<inserted text> 
                }
l.54 ... is no need to read the channel any more.}
                                                  
I've inserted something that you may have forgotten.
(See the <inserted text> above.)
With luck, this will get me unwedged. But if you
really didn't forget anything, try typing `2' now; then
my insertion and my current dilemma will both disappear.

[7] [8]) (./glp_section_examples.tex [9]) (./glp_section_multiagent.tex
[10] [11]

LaTeX Warning: Reference `program:network' on page 12 undefined on input line 8
1.

[12] [13]) (./glp_section_social_graph.tex [14] [15]
Overfull \hbox (8.17044pt too wide) in paragraph at lines 117--117
[]    \OT1/cmtt/m/n/9 inject(AttResp?, msg(Other, Id, verified_intro(From?, Oth
er?, ch(In?, Out1?))),[] 
 []


Overfull \hbox (8.17044pt too wide) in paragraph at lines 128--128
[]\OT1/cmtt/m/n/9 social_graph(Id, [msg(Other, Id, verified_intro(Introducer, O
ther, Ch))|In], Fs) :-[] 
 []

[16]) (./glp_section_security.tex [17]
Overfull \hbox (38.59308pt too wide) in paragraph at lines 13--14
[][][]\OT1/cmtt/m/n/9 attestation(X, Info) []\OT1/cmr/m/n/9 suc-ceeds if [][]\O
T1/cmtt/m/n/9 X []\OT1/cmr/m/n/9 car-ries an at-tes-ta-tion, as-sig-ing to [][]
\OT1/cmtt/m/n/9 Info []\OT1/cmr/m/n/9 a term [][]\OT1/cmtt/m/n/9 att(Agent, Mod
ule)
 []


Overfull \hbox (46.79886pt too wide) in paragraph at lines 37--39
\OT1/cmr/bx/n/9 Authenticated Con-nec-tion Es-tab-lish-ment. \OT1/cmr/m/n/9 Col
d call of-fers carry at-tes-ta-tion $([](\OML/cmm/m/it/9 q; []\OT1/cmr/m/n/9 ([
])))[]$
 []

[18]
Overfull \hbox (55.9859pt too wide) in paragraph at lines 56--57
[]\OT1/cmr/bx/n/9 Non-repudiation: \OT1/cmr/m/n/9 Stream ex-ten-sions com-mu-ni
-cated be-tween agents carry at-tes-ta-tions $([])[]$.
 []

) (./glp_section_implementation.tex
Overfull \hbox (2.40602pt too wide) in paragraph at lines 3--5
\OT1/cmr/m/n/9 The im-ple-men-ta-tion of GLP on smart-phones re-quires cross-pl
atform mo-bile de-ploy-ment, garbage-
 []


Underfull \vbox (badness 1701) has occurred while \output is active []

 [19]

LaTeX Warning: Reference `appendix:IR-maGLP' on page 20 undefined on input line
 12.

) (./glp_section_related_work.tex [20] [21]) (./glp_section_conclusion.tex
Overfull \hbox (6.89044pt too wide) in paragraph at lines 34--1
\OT1/cmr/bx/n/9 Authorization lan-guages. \OT1/cmr/m/n/9 OPA/Rego ([]Open Pol-i
cy Agent Con-trib-u-tors 2021[]) and Cedar ([]Hicks
 []

) (./main GLP 2025.bbl [22]
Underfull \hbox (badness 2653) in paragraph at lines 159--163
\OT1/cmtt/m/n/9 android . com / google / play / integrity$[]\OT1/cmr/m/n/9 .  [
]$\OT1/cmtt/m/n/9 https : / / developer . android . com / google / play /
 []


Underfull \vbox (badness 2689) has occurred while \output is active []

 [23]
Underfull \hbox (badness 3396) in paragraph at lines 311--315
[]\OT1/cmr/m/sc/9 Open Pol-icy Agent Con-trib-u-tors\OT1/cmr/m/n/9 . 2021.  Ope
n pol-icy agent.  []$\OT1/cmtt/m/n/9 https : / / www .
 []


Underfull \vbox (badness 10000) has occurred while \output is active []

 [24])
(./glp_appendix_proofs.tex
Underfull \vbox (badness 10000) has occurred while \output is active []

 [25]
! Missing } inserted.
<inserted text> 
                }
l.3 \LPComputationisDeduction*
                              
I've inserted something that you may have forgotten.
(See the <inserted text> above.)
With luck, this will get me unwedged. But if you
really didn't forget anything, try typing `2' now; then
my insertion and my current dilemma will both disappear.

! Extra }, or forgotten \endgroup.
\verb@egroup ...erb@balance@group \@empty \egroup 
                                                  
l.3 \LPComputationisDeduction*
                              
I've deleted a group-closing symbol because it seems to be
spurious, as in `$x}$'. But perhaps the } is legitimate and
you forgot something else, as in `\hbox{$x}'. In such cases
the way to recover is to insert both the forgotten and the
deleted material, e.g., by typing `I$}'.


! LaTeX Error: \verb illegal in argument.

See the LaTeX manual or LaTeX Companion for explanation.
Type  H <return>  for immediate help.
 ...                                              
                                                  
l.3 \LPComputationisDeduction*
                              
Try typing  <return>  to proceed.
If that doesn't work, type  X <return>  to quit.

[26] [27]) (./glp_appendix_social_graph_properties.tex)
(./glp_appendix_social_networking.tex [28]
Overfull \hbox (12.89539pt too wide) in paragraph at lines 17--17
[]    \OT1/cmtt/m/n/9 attestation(DMCh, att(From, _)) |  % Verify DM channel fr
om authenticated friend[] 
 []

[29]
Overfull \hbox (17.62033pt too wide) in paragraph at lines 77--77
[]    \OT1/cmtt/m/n/9 send_invitations(Friends?, Founder?, Name?, Streams?, [(F
riend,Ch1?)|Fs2?], Fs1).[] 
 []

[30]) (./glp_appendix_guards_system.tex [31])
(./glp_appendix_additional_techniques.tex [32]
Overfull \hbox (14.28767pt too wide) in paragraph at lines 40--41
[]\OT1/cmr/m/n/9 The pro-ce-dure re-cur-sively pro-cesses the in-put stream, wr
ap-ping each mes-sage [][]\OT1/cmtt/m/n/9 M []\OT1/cmr/m/n/9 in a [][]\OT1/cmtt
/m/n/9 msg(Name, M)
 []

[33] [34] [35]
Overfull \hbox (8.17044pt too wide) in paragraph at lines 176--176
[]\OT1/cmtt/m/n/9 interlace([Payload|Payloads], [block(Payload?,Tips?)|Stream?]
, PrevTips, Others) :-[] 
 []


LaTeX Font Warning: Font shape `OT1/cmr/bx/sc' undefined
(Font)              using `OT1/cmr/bx/n' instead on input line 205.

[36]
Overfull \hbox (12.89539pt too wide) in paragraph at lines 228--228
[]\OT1/cmtt/m/n/9 run((merge([1,2,3],[4,5],Xs)), run(merge([a,b],[c,d,e],Ys)), 
run(merge(Xs?,Ys?,Zs)). 
 []


Overfull \hbox (6.15884pt too wide) in paragraph at lines 272--275
\OT1/cmr/m/n/9 The metain-ter-preter sus-pends re-duc-tions as soon as the con-
trol stream is bound to [][]\OT1/cmtt/m/n/9 [suspend|Cs?][]\OT1/cmr/m/n/9 ,
 []

[37]
Overfull \hbox (6.76703pt too wide) in paragraph at lines 310--313
\OT1/cmr/m/n/9 that each pro-gram clause [] []\OT1/cmtt/m/n/9 A:- D | B []\OT1/
cmr/m/n/9 is rep-re-sented by a unit clause [][]\OT1/cmtt/m/n/9 reduce(A,B,I) :
- G | true[]\OT1/cmr/m/n/9 ,
 []


Overfull \hbox (3.4455pt too wide) in paragraph at lines 332--332
[]\OT1/cmtt/m/n/9 run(A,Cs,L?,R) :- otherwise, unknown(Cs) | reduce(A?,B), run(
B?,Cs,L,R?) %  reduce[] 
 []

) (./glp_appendix_workstation.tex [38]) (./glp_appendix_smartphone.tex
Overfull \hbox (30.31973pt too wide) in paragraph at lines 10--12
[]\OT1/cmr/bx/sc/9 Definition Ap-pendix G.1 \OT1/cmr/m/n/9 (Im-ple-men-ta-tion-
Ready maGLP Tran-si-tion Sys-tem)\OT1/cmr/bx/sc/9 . []\OT1/cmr/m/n/9 The implem
entation-
 []

[39] [40] [41] [42] [43] (./main GLP 2025.aux)
 ***********
LaTeX2e <2023-11-01> patch level 1
L3 programming layer <2024-01-22>
 ***********


LaTeX Font Warning: Some font shapes were not available, defaults substituted.


LaTeX Warning: There were undefined references.


LaTeX Warning: There were multiply-defined labels.

Package rerunfilecheck Info: File `"main GLP 2025".out' has not changed.
(rerunfilecheck)             Checksum: D7497D5D62C40176B06391C906115E15;11122.
 ) ) 
Here is how much of TeX's memory you used:
 15704 strings out of 476106
 260488 string characters out of 5793933
 1947975 words of memory out of 5000000
 37104 multiletter control sequences out of 15000+600000
 573319 words of font info for 92 fonts, out of 8000000 for 9000
 59 hyphenation exceptions out of 8191
 75i,12n,79p,1070b,807s stack positions out of 10000i,1000n,20000p,200000b,200000s

pdfTeX warning (dest): name{cite.ueda2001resource} has been referenced but does
 not exist, replaced by a fixed one


pdfTeX warning (dest): name{cite.ueda1995io} has been referenced but does not e
xist, replaced by a fixed one


pdfTeX warning (dest): name{cite.ueda1994moded} has been referenced but does no
t exist, replaced by a fixed one


pdfTeX warning (dest): name{cite.levi1985readonly} has been referenced but does
 not exist, replaced by a fixed one


pdfTeX warning (dest): name{cite.mierowsky1985fcp} has been referenced but does
 not exist, replaced by a fixed one

</usr/share/texlive/texmf-dist/fonts/type1/public/amsfonts/cm/cmbx10.pfb></usr/
share/texlive/texmf-dist/fonts/type1/public/amsfonts/cm/cmbx9.pfb></usr/share/t
exlive/texmf-dist/fonts/type1/public/amsfonts/cm/cmbxti10.pfb></usr/share/texli
ve/texmf-dist/fonts/type1/public/amsfonts/cm/cmcsc10.pfb></usr/share/texlive/te
xmf-dist/fonts/type1/public/amsfonts/cmextra/cmex9.pfb></usr/share/texlive/texm
f-dist/fonts/type1/public/amsfonts/cm/cmmi5.pfb></usr/share/texlive/texmf-dist/
fonts/type1/public/amsfonts/cm/cmmi6.pfb></usr/share/texlive/texmf-dist/fonts/t
ype1/public/amsfonts/cm/cmmi9.pfb></usr/share/texlive/texmf-dist/fonts/type1/pu
blic/amsfonts/cm/cmr10.pfb></usr/share/texlive/texmf-dist/fonts/type1/public/am
sfonts/cm/cmr5.pfb></usr/share/texlive/texmf-dist/fonts/type1/public/amsfonts/c
m/cmr6.pfb></usr/share/texlive/texmf-dist/fonts/type1/public/amsfonts/cm/cmr8.p
fb></usr/share/texlive/texmf-dist/fonts/type1/public/amsfonts/cm/cmr9.pfb></usr
/share/texlive/texmf-dist/fonts/type1/public/amsfonts/cm/cmsy6.pfb></usr/share/
texlive/texmf-dist/fonts/type1/public/amsfonts/cm/cmsy9.pfb></usr/share/texlive
/texmf-dist/fonts/type1/public/amsfonts/cm/cmti10.pfb></usr/share/texlive/texmf
-dist/fonts/type1/public/amsfonts/cm/cmti12.pfb></usr/share/texlive/texmf-dist/
fonts/type1/public/amsfonts/cm/cmti8.pfb></usr/share/texlive/texmf-dist/fonts/t
ype1/public/amsfonts/cm/cmti9.pfb></usr/share/texlive/texmf-dist/fonts/type1/pu
blic/amsfonts/cm/cmtt10.pfb></usr/share/texlive/texmf-dist/fonts/type1/public/a
msfonts/cm/cmtt9.pfb>
Output written on "main GLP 2025.pdf" (43 pages, 495960 bytes).
PDF statistics:
 1038 PDF objects out of 1200 (max. 8388607)
 941 compressed objects within 10 object streams
 314 named destinations out of 1000 (max. 500000)
 433 words of extra memory for PDF output out of 10000 (max. 10000000)

