\BOOKMARK [1][-]{section.1}{\376\377\000I\000n\000t\000r\000o\000d\000u\000c\000t\000i\000o\000n}{}% 1
\BOOKMARK [1][-]{section.2}{\376\377\000L\000o\000g\000i\000c\000\040\000P\000r\000o\000g\000r\000a\000m\000s}{}% 2
\BOOKMARK [2][-]{subsection.2.1}{\376\377\000T\000r\000a\000n\000s\000i\000t\000i\000o\000n\000\040\000S\000y\000s\000t\000e\000m\000s}{section.2}% 3
\BOOKMARK [2][-]{subsection.2.2}{\376\377\000L\000o\000g\000i\000c\000\040\000P\000r\000o\000g\000r\000a\000m\000s\000\040\000S\000y\000n\000t\000a\000x}{section.2}% 4
\BOOKMARK [2][-]{subsection.2.3}{\376\377\000L\000o\000g\000i\000c\000\040\000P\000r\000o\000g\000r\000a\000m\000s\000\040\000O\000p\000e\000r\000a\000t\000i\000o\000n\000a\000l\000\040\000S\000e\000m\000a\000n\000t\000i\000c\000s}{section.2}% 5
\BOOKMARK [1][-]{section.3}{\376\377\000G\000L\000P}{}% 6
\BOOKMARK [2][-]{subsection.3.1}{\376\377\000G\000L\000P\000\040\000S\000y\000n\000t\000a\000x}{section.3}% 7
\BOOKMARK [2][-]{subsection.3.2}{\376\377\000G\000L\000P\000\040\000O\000p\000e\000r\000a\000t\000i\000o\000n\000a\000l\000\040\000s\000e\000m\000a\000n\000t\000i\000c\000s}{section.3}% 8
\BOOKMARK [2][-]{subsection.3.3}{\376\377\000G\000L\000P\000\040\000S\000a\000f\000e\000t\000y}{section.3}% 9
\BOOKMARK [1][-]{section.4}{\376\377\000P\000r\000o\000g\000r\000a\000m\000m\000i\000n\000g\000\040\000E\000x\000a\000m\000p\000l\000e\000s}{}% 10
\BOOKMARK [1][-]{section.5}{\376\377\000M\000u\000l\000t\000i\000a\000g\000e\000n\000t\000\040\000G\000L\000P}{}% 11
\BOOKMARK [2][-]{subsection.5.1}{\376\377\000M\000u\000l\000t\000i\000a\000g\000e\000n\000t\000\040\000t\000r\000a\000n\000s\000i\000t\000i\000o\000n\000\040\000s\000y\000s\000t\000e\000m\000s\000\040\000a\000n\000d\000\040\000a\000t\000o\000m\000i\000c\000\040\000t\000r\000a\000n\000s\000a\000c\000t\000i\000o\000n\000s}{section.5}% 12
\BOOKMARK [2][-]{subsection.5.2}{\376\377\000M\000u\000l\000t\000i\000a\000g\000e\000n\000t\000\040\000G\000L\000P}{section.5}% 13
\BOOKMARK [2][-]{subsection.5.3}{\376\377\000M\000u\000l\000t\000i\000a\000g\000e\000n\000t\000\040\000G\000L\000P\000\040\000i\000s\000\040\000G\000r\000a\000s\000s\000r\000o\000o\000t\000s}{section.5}% 14
\BOOKMARK [1][-]{section.6}{\376\377\000T\000h\000e\000\040\000G\000r\000a\000s\000s\000r\000o\000o\000t\000s\000\040\000S\000o\000c\000i\000a\000l\000\040\000G\000r\000a\000p\000h}{}% 15
\BOOKMARK [2][-]{subsection.6.1}{\376\377\000P\000r\000o\000t\000o\000c\000o\000l\000\040\000A\000r\000c\000h\000i\000t\000e\000c\000t\000u\000r\000e}{section.6}% 16
\BOOKMARK [2][-]{subsection.6.2}{\376\377\000I\000n\000i\000t\000i\000a\000l\000i\000z\000a\000t\000i\000o\000n\000\040\000a\000n\000d\000\040\000M\000e\000s\000s\000a\000g\000e\000\040\000R\000o\000u\000t\000i\000n\000g}{section.6}% 17
\BOOKMARK [2][-]{subsection.6.3}{\376\377\000C\000o\000l\000d\000\040\000C\000a\000l\000l\000\040\000P\000r\000o\000t\000o\000c\000o\000l}{section.6}% 18
\BOOKMARK [2][-]{subsection.6.4}{\376\377\000C\000h\000a\000n\000n\000e\000l\000\040\000E\000s\000t\000a\000b\000l\000i\000s\000h\000m\000e\000n\000t\000\040\000a\000n\000d\000\040\000R\000e\000s\000p\000o\000n\000s\000e\000\040\000H\000a\000n\000d\000l\000i\000n\000g}{section.6}% 19
\BOOKMARK [2][-]{subsection.6.5}{\376\377\000F\000r\000i\000e\000n\000d\000-\000M\000e\000d\000i\000a\000t\000e\000d\000\040\000I\000n\000t\000r\000o\000d\000u\000c\000t\000i\000o\000n\000s}{section.6}% 20
\BOOKMARK [1][-]{section.7}{\376\377\000S\000e\000c\000u\000r\000i\000n\000g\000\040\000M\000u\000l\000t\000i\000a\000g\000e\000n\000t\000\040\000G\000L\000P}{}% 21
\BOOKMARK [2][-]{subsection.7.1}{\376\377\000S\000e\000c\000u\000r\000e\000\040\000M\000u\000l\000t\000i\000a\000g\000e\000n\000t\000\040\000G\000L\000P}{section.7}% 22
\BOOKMARK [2][-]{subsection.7.2}{\376\377\000P\000r\000o\000g\000r\000a\000m\000-\000I\000n\000d\000e\000p\000e\000n\000d\000e\000n\000t\000\040\000S\000e\000c\000u\000r\000i\000t\000y\000\040\000P\000r\000o\000p\000e\000r\000t\000i\000e\000s}{section.7}% 23
\BOOKMARK [2][-]{subsection.7.3}{\376\377\000S\000e\000c\000u\000r\000i\000t\000y\000\040\000o\000f\000\040\000t\000h\000e\000\040\000S\000o\000c\000i\000a\000l\000\040\000G\000r\000a\000p\000h\000\040\000P\000r\000o\000t\000o\000c\000o\000l}{section.7}% 24
\BOOKMARK [2][-]{subsection.7.4}{\376\377\000B\000l\000o\000c\000k\000c\000h\000a\000i\000n\000\040\000S\000e\000c\000u\000r\000i\000t\000y\000\040\000o\000f\000\040\000G\000L\000P\000\040\000S\000t\000r\000e\000a\000m\000s}{section.7}% 25
\BOOKMARK [1][-]{section.8}{\376\377\000I\000m\000p\000l\000e\000m\000e\000n\000t\000a\000t\000i\000o\000n}{}% 26
\BOOKMARK [1][-]{section.9}{\376\377\000R\000e\000l\000a\000t\000e\000d\000\040\000W\000o\000r\000k}{}% 27
\BOOKMARK [1][-]{section.10}{\376\377\000C\000o\000n\000c\000l\000u\000s\000i\000o\000n}{}% 28
\BOOKMARK [1][-]{section*.1}{\376\377\000R\000e\000f\000e\000r\000e\000n\000c\000e\000s}{}% 29
\BOOKMARK [1][-]{appendix.A}{\376\377\000A\000p\000p\000e\000n\000d\000i\000x\000\040\000A\000\040\000P\000r\000o\000o\000f\000s}{}% 30
\BOOKMARK [1][-]{appendix.B}{\376\377\000A\000p\000p\000e\000n\000d\000i\000x\000\040\000B\000\040\000G\000r\000a\000s\000s\000r\000o\000o\000t\000s\000\040\000S\000o\000c\000i\000a\000l\000\040\000G\000r\000a\000p\000h\000\040\000P\000r\000o\000t\000o\000c\000o\000l\000\040\000P\000r\000o\000p\000e\000r\000t\000i\000e\000s}{}% 31
\BOOKMARK [2][-]{subsection.B.1}{\376\377\000B\000.\0001\000\040\000N\000o\000n\000-\000b\000l\000o\000c\000k\000i\000n\000g\000\040\000O\000p\000e\000r\000a\000t\000i\000o\000n\000\040\000T\000h\000r\000o\000u\000g\000h\000\040\000V\000a\000r\000i\000a\000b\000l\000e\000\040\000S\000y\000n\000c\000h\000r\000o\000n\000i\000z\000a\000t\000i\000o\000n}{appendix.B}% 32
\BOOKMARK [2][-]{subsection.B.2}{\376\377\000B\000.\0002\000\040\000P\000r\000o\000t\000o\000c\000o\000l\000\040\000P\000r\000o\000p\000e\000r\000t\000i\000e\000s}{appendix.B}% 33
\BOOKMARK [1][-]{appendix.C}{\376\377\000A\000p\000p\000e\000n\000d\000i\000x\000\040\000C\000\040\000S\000o\000c\000i\000a\000l\000\040\000N\000e\000t\000w\000o\000r\000k\000i\000n\000g\000\040\000A\000p\000p\000l\000i\000c\000a\000t\000i\000o\000n\000s}{}% 34
\BOOKMARK [2][-]{subsection.C.1}{\376\377\000C\000.\0001\000\040\000D\000i\000r\000e\000c\000t\000\040\000M\000e\000s\000s\000a\000g\000i\000n\000g}{appendix.C}% 35
\BOOKMARK [2][-]{subsection.C.2}{\376\377\000C\000.\0002\000\040\000F\000e\000e\000d\000\040\000D\000i\000s\000t\000r\000i\000b\000u\000t\000i\000o\000n\000\040\000w\000i\000t\000h\000\040\000V\000e\000r\000i\000f\000i\000e\000d\000\040\000A\000u\000t\000h\000o\000r\000s\000h\000i\000p}{appendix.C}% 36
\BOOKMARK [2][-]{subsection.C.3}{\376\377\000C\000.\0003\000\040\000G\000r\000o\000u\000p\000\040\000C\000o\000m\000m\000u\000n\000i\000c\000a\000t\000i\000o\000n}{appendix.C}% 37
\BOOKMARK [2][-]{subsection.C.4}{\376\377\000C\000.\0004\000\040\000C\000o\000n\000t\000e\000n\000t\000\040\000A\000u\000t\000h\000e\000n\000t\000i\000c\000i\000t\000y\000\040\000a\000n\000d\000\040\000P\000r\000o\000v\000e\000n\000a\000n\000c\000e}{appendix.C}% 38
\BOOKMARK [1][-]{appendix.D}{\376\377\000A\000p\000p\000e\000n\000d\000i\000x\000\040\000D\000\040\000G\000u\000a\000r\000d\000s\000\040\000a\000n\000d\000\040\000S\000y\000s\000t\000e\000m\000\040\000P\000r\000e\000d\000i\000c\000a\000t\000e\000s}{}% 39
\BOOKMARK [1][-]{appendix.E}{\376\377\000A\000p\000p\000e\000n\000d\000i\000x\000\040\000E\000\040\000A\000d\000d\000i\000t\000i\000o\000n\000a\000l\000\040\000P\000r\000o\000g\000r\000a\000m\000m\000i\000n\000g\000\040\000T\000e\000c\000h\000n\000i\000q\000u\000e\000s}{}% 40
\BOOKMARK [2][-]{subsection.E.1}{\376\377\000E\000.\0001\000\040\000C\000h\000a\000n\000n\000e\000l\000\040\000A\000b\000s\000t\000r\000a\000c\000t\000i\000o\000n\000s}{appendix.E}% 41
\BOOKMARK [2][-]{subsection.E.2}{\376\377\000E\000.\0002\000\040\000S\000t\000r\000e\000a\000m\000\040\000T\000a\000g\000g\000i\000n\000g\000\040\000f\000o\000r\000\040\000S\000o\000u\000r\000c\000e\000\040\000I\000d\000e\000n\000t\000i\000f\000i\000c\000a\000t\000i\000o\000n}{appendix.E}% 42
\BOOKMARK [2][-]{subsection.E.3}{\376\377\000E\000.\0003\000\040\000S\000t\000r\000e\000a\000m\000\040\000O\000b\000s\000e\000r\000v\000a\000t\000i\000o\000n}{appendix.E}% 43
\BOOKMARK [2][-]{subsection.E.4}{\376\377\000E\000.\0004\000\040\000C\000o\000o\000p\000e\000r\000a\000t\000i\000v\000e\000\040\000S\000t\000r\000e\000a\000m\000\040\000P\000r\000o\000d\000u\000c\000t\000i\000o\000n}{appendix.E}% 44
\BOOKMARK [2][-]{subsection.E.5}{\376\377\000E\000.\0005\000\040\000N\000e\000t\000w\000o\000r\000k\000\040\000S\000w\000i\000t\000c\000h}{appendix.E}% 45
\BOOKMARK [2][-]{subsection.E.6}{\376\377\000E\000.\0006\000\040\000I\000m\000p\000l\000e\000m\000e\000n\000t\000a\000t\000i\000o\000n\000\040\000C\000o\000r\000r\000e\000c\000t\000n\000e\000s\000s\000\040\000P\000r\000o\000p\000e\000r\000t\000i\000e\000s}{appendix.E}% 46
\BOOKMARK [2][-]{subsection.E.7}{\376\377\000E\000.\0007\000\040\000R\000e\000p\000l\000i\000c\000a\000t\000i\000o\000n\000\040\000o\000f\000\040\000N\000o\000n\000-\000G\000r\000o\000u\000n\000d\000\040\000T\000e\000r\000m\000s}{appendix.E}% 47
\BOOKMARK [2][-]{subsection.E.8}{\376\377\000E\000.\0008\000\040\000I\000n\000t\000e\000r\000l\000a\000c\000e\000d\000\040\000S\000t\000r\000e\000a\000m\000s\000\040\000a\000s\000\040\000D\000i\000s\000t\000r\000i\000b\000u\000t\000e\000d\000\040\000B\000l\000o\000c\000k\000l\000a\000c\000e}{appendix.E}% 48
\BOOKMARK [2][-]{subsection.E.9}{\376\377\000E\000.\0009\000\040\000M\000e\000t\000a\000i\000n\000t\000e\000r\000p\000r\000e\000t\000e\000r\000s}{appendix.E}% 49
\BOOKMARK [1][-]{appendix.F}{\376\377\000A\000p\000p\000e\000n\000d\000i\000x\000\040\000F\000\040\000W\000o\000r\000k\000s\000t\000a\000t\000i\000o\000n\000\040\000I\000m\000p\000l\000e\000m\000e\000n\000t\000a\000t\000i\000o\000n\000-\000R\000e\000a\000d\000y\000\040\000T\000r\000a\000n\000s\000i\000t\000i\000o\000n\000\040\000S\000y\000s\000t\000e\000m\000\040\000f\000o\000r\000\040\000G\000L\000P}{}% 50
\BOOKMARK [1][-]{appendix.G}{\376\377\000A\000p\000p\000e\000n\000d\000i\000x\000\040\000G\000\040\000S\000m\000a\000r\000t\000p\000h\000o\000n\000e\000\040\000I\000m\000p\000l\000e\000m\000e\000n\000t\000a\000t\000i\000o\000n\000-\000r\000e\000a\000d\000y\000\040\000M\000u\000l\000t\000i\000a\000g\000e\000n\000t\000\040\000T\000r\000a\000n\000s\000i\000t\000i\000o\000n\000\040\000S\000y\000s\000t\000e\000m\000\040\000f\000o\000r\000\040\000G\000L\000P}{}% 51
\BOOKMARK [2][-]{subsection.G.1}{\376\377\000G\000.\0001\000\040\000L\000o\000c\000a\000l\000\040\000S\000t\000a\000t\000e\000s}{appendix.G}% 52
\BOOKMARK [2][-]{subsection.G.2}{\376\377\000G\000.\0002\000\040\000T\000r\000a\000n\000s\000a\000c\000t\000i\000o\000n\000s}{appendix.G}% 53
\BOOKMARK [2][-]{subsection.G.3}{\376\377\000G\000.\0003\000\040\000E\000x\000t\000e\000n\000s\000i\000o\000n\000s\000\040\000f\000o\000r\000\040\000S\000e\000c\000u\000r\000e\000\040\000M\000u\000l\000t\000i\000a\000g\000e\000n\000t\000\040\000G\000L\000P}{appendix.G}% 54
